[debug] [2025-03-08T23:08:21.538Z] ----------------------------------------------------------------------
[debug] [2025-03-08T23:08:21.544Z] Command:       /opt/homebrew/Cellar/node/23.1.0_1/bin/node /opt/homebrew/bin/firebase init
[debug] [2025-03-08T23:08:21.544Z] CLI Version:   13.28.0
[debug] [2025-03-08T23:08:21.544Z] Platform:      darwin
[debug] [2025-03-08T23:08:21.544Z] Node Version:  v23.1.0
[debug] [2025-03-08T23:08:21.545Z] Time:          Sat Mar 08 2025 15:08:21 GMT-0800 (Pacific Standard Time)
[debug] [2025-03-08T23:08:21.545Z] ----------------------------------------------------------------------
[debug] 
[debug] [2025-03-08T23:08:21.548Z] > command requires scopes: ["email","openid","https://www.googleapis.com/auth/cloudplatformprojects.readonly","https://www.googleapis.com/auth/firebase","https://www.googleapis.com/auth/cloud-platform"]
[debug] [2025-03-08T23:08:21.548Z] > authorizing via signed-in user (rogermas14@gmail.com)
[info] 
     ######## #### ########  ######## ########     ###     ######  ########
     ##        ##  ##     ## ##       ##     ##  ##   ##  ##       ##
     ######    ##  ########  ######   ########  #########  ######  ######
     ##        ##  ##    ##  ##       ##     ## ##     ##       ## ##
     ##       #### ##     ## ######## ########  ##     ##  ######  ########

You're about to initialize a Firebase project in this directory:

  /Users/rogermas/Berkeley/Flare Hack/NFT Appraisal-Main/NFT-Appraisal-Main/Backend

[info] 
=== Project Setup
[info] 
[info] First, let's associate this project directory with a Firebase project.
[info] You can create multiple project aliases by running firebase use --add, 
[info] but for now we'll just set up a default project.
[info] 
